<?xml version="1.0" encoding="UTF-8"?>
<!-- Generated by org.testng.reporters.JUnitXMLReporter -->
<testsuite ignored="0" hostname="DESKTOP-D827UCE" failures="0" tests="3" name="Default test" time="22.089" errors="0" timestamp="14 Feb 2021 05:56:14 GMT">
  <testcase classname="com.superbmyTrip.qa.test.LoginPageTest" name="loginTest" time="4.318"/>
  <testcase classname="com.superbmyTrip.qa.test.LoginPageTest" name="loginpageTitleTest" time="0.016"/>
  <testcase classname="com.superbmyTrip.qa.test.LoginPageTest" name="LogoTest" time="0.307"/>
</testsuite> <!-- Default test -->
