<?xml version="1.0" encoding="UTF-8"?>
<testng-results ignored="0" total="3" passed="3" failed="0" skipped="0">
  <reporter-output>
  </reporter-output>
  <suite started-at="2021-02-14T05:55:52Z" name="Default suite" finished-at="2021-02-14T05:56:14Z" duration-ms="22089">
    <groups>
    </groups>
    <test started-at="2021-02-14T05:55:52Z" name="Default test" finished-at="2021-02-14T05:56:14Z" duration-ms="22089">
      <class name="com.superbmyTrip.qa.test.LoginPageTest">
        <test-method is-config="true" signature="setUp()[pri:0, instance:com.superbmyTrip.qa.test.LoginPageTest@41a0aa7d]" started-at="2021-02-14T05:55:52Z" name="setUp" finished-at="2021-02-14T05:55:58Z" duration-ms="5844" status="PASS">
          <reporter-output>
          </reporter-output>
        </test-method> <!-- setUp -->
        <test-method signature="loginTest()[pri:0, instance:com.superbmyTrip.qa.test.LoginPageTest@41a0aa7d]" started-at="2021-02-14T05:55:58Z" name="loginTest" finished-at="2021-02-14T05:56:02Z" duration-ms="4318" status="PASS">
          <reporter-output>
          </reporter-output>
        </test-method> <!-- loginTest -->
        <test-method is-config="true" signature="tearDown()[pri:0, instance:com.superbmyTrip.qa.test.LoginPageTest@41a0aa7d]" started-at="2021-02-14T05:56:02Z" name="tearDown" finished-at="2021-02-14T05:56:04Z" duration-ms="1222" status="PASS">
          <reporter-output>
          </reporter-output>
        </test-method> <!-- tearDown -->
        <test-method is-config="true" signature="setUp()[pri:0, instance:com.superbmyTrip.qa.test.LoginPageTest@41a0aa7d]" started-at="2021-02-14T05:56:04Z" name="setUp" finished-at="2021-02-14T05:56:08Z" duration-ms="4402" status="PASS">
          <reporter-output>
          </reporter-output>
        </test-method> <!-- setUp -->
        <test-method signature="loginpageTitleTest()[pri:1, instance:com.superbmyTrip.qa.test.LoginPageTest@41a0aa7d]" started-at="2021-02-14T05:56:08Z" name="loginpageTitleTest" finished-at="2021-02-14T05:56:08Z" duration-ms="16" status="PASS">
          <reporter-output>
          </reporter-output>
        </test-method> <!-- loginpageTitleTest -->
        <test-method is-config="true" signature="tearDown()[pri:0, instance:com.superbmyTrip.qa.test.LoginPageTest@41a0aa7d]" started-at="2021-02-14T05:56:08Z" name="tearDown" finished-at="2021-02-14T05:56:09Z" duration-ms="763" status="PASS">
          <reporter-output>
          </reporter-output>
        </test-method> <!-- tearDown -->
        <test-method is-config="true" signature="setUp()[pri:0, instance:com.superbmyTrip.qa.test.LoginPageTest@41a0aa7d]" started-at="2021-02-14T05:56:09Z" name="setUp" finished-at="2021-02-14T05:56:13Z" duration-ms="4384" status="PASS">
          <reporter-output>
          </reporter-output>
        </test-method> <!-- setUp -->
        <test-method signature="LogoTest()[pri:2, instance:com.superbmyTrip.qa.test.LoginPageTest@41a0aa7d]" started-at="2021-02-14T05:56:13Z" name="LogoTest" finished-at="2021-02-14T05:56:14Z" duration-ms="307" status="PASS">
          <reporter-output>
          </reporter-output>
        </test-method> <!-- LogoTest -->
        <test-method is-config="true" signature="tearDown()[pri:0, instance:com.superbmyTrip.qa.test.LoginPageTest@41a0aa7d]" started-at="2021-02-14T05:56:14Z" name="tearDown" finished-at="2021-02-14T05:56:14Z" duration-ms="757" status="PASS">
          <reporter-output>
          </reporter-output>
        </test-method> <!-- tearDown -->
      </class> <!-- com.superbmyTrip.qa.test.LoginPageTest -->
    </test> <!-- Default test -->
  </suite> <!-- Default suite -->
</testng-results>
